<?xml version="1.0" encoding="UTF-8"?>
<coverage generated="1772350945773" clover="3.2.0">
  <project timestamp="1772350945773" name="All files">
    <metrics statements="55" coveredstatements="55" conditionals="18" coveredconditionals="14" methods="9" coveredmethods="6" elements="82" coveredelements="75" complexity="0" loc="55" ncloc="55" packages="1" files="1" classes="1"/>
    <file name="demo.js" path="/Users/tosaojiru/src/repos/websites/submodules/streakvillage/js/demo.js">
      <metrics statements="55" coveredstatements="55" conditionals="18" coveredconditionals="14" methods="9" coveredmethods="6"/>
      <line num="4" count="4" type="stmt"/>
      <line num="7" count="4" type="stmt"/>
      <line num="15" count="4" type="stmt"/>
      <line num="21" count="4" type="stmt"/>
      <line num="22" count="4" type="stmt"/>
      <line num="24" count="4" type="stmt"/>
      <line num="25" count="4" type="stmt"/>
      <line num="28" count="4" type="stmt"/>
      <line num="29" count="4" type="cond" truecount="1" falsecount="1"/>
      <line num="31" count="4" type="stmt"/>
      <line num="194" count="4" type="stmt"/>
      <line num="197" count="27" type="stmt"/>
      <line num="198" count="27" type="stmt"/>
      <line num="199" count="945" type="stmt"/>
      <line num="200" count="945" type="cond" truecount="2" falsecount="0"/>
      <line num="201" count="945" type="stmt"/>
      <line num="202" count="945" type="cond" truecount="2" falsecount="0"/>
      <line num="203" count="611" type="cond" truecount="1" falsecount="1"/>
      <line num="205" count="945" type="stmt"/>
      <line num="210" count="4" type="stmt"/>
      <line num="214" count="23" type="stmt"/>
      <line num="215" count="23" type="stmt"/>
      <line num="216" count="23" type="stmt"/>
      <line num="217" count="23" type="stmt"/>
      <line num="221" count="4" type="stmt"/>
      <line num="224" count="23" type="stmt"/>
      <line num="225" count="23" type="stmt"/>
      <line num="226" count="23" type="stmt"/>
      <line num="227" count="23" type="stmt"/>
      <line num="231" count="4" type="stmt"/>
      <line num="234" count="23" type="cond" truecount="3" falsecount="1"/>
      <line num="235" count="23" type="stmt"/>
      <line num="236" count="23" type="stmt"/>
      <line num="238" count="23" type="stmt"/>
      <line num="239" count="23" type="stmt"/>
      <line num="242" count="23" type="stmt"/>
      <line num="243" count="23" type="stmt"/>
      <line num="244" count="23" type="cond" truecount="1" falsecount="1"/>
      <line num="245" count="23" type="stmt"/>
      <line num="246" count="23" type="stmt"/>
      <line num="249" count="23" type="stmt"/>
      <line num="251" count="23" type="stmt"/>
      <line num="252" count="23" type="cond" truecount="2" falsecount="0"/>
      <line num="253" count="5" type="stmt"/>
      <line num="255" count="18" type="stmt"/>
      <line num="258" count="23" type="cond" truecount="2" falsecount="0"/>
      <line num="259" count="1" type="stmt"/>
      <line num="260" count="1" type="stmt"/>
      <line num="261" count="1" type="stmt"/>
      <line num="262" count="1" type="stmt"/>
      <line num="265" count="22" type="stmt"/>
      <line num="266" count="21" type="stmt"/>
      <line num="267" count="21" type="stmt"/>
      <line num="271" count="4" type="stmt"/>
      <line num="274" count="4" type="stmt"/>
    </file>
  </project>
</coverage>
