{"/Users/tosaojiru/src/repos/websites/submodules/streakvillage/js/demo.js": {"path":"/Users/tosaojiru/src/repos/websites/submodules/streakvillage/js/demo.js","statementMap":{"0":{"start":{"line":4,"column":0},"end":{"line":275,"column":5}},"1":{"start":{"line":7,"column":16},"end":{"line":13,"column":3}},"2":{"start":{"line":15,"column":21},"end":{"line":19,"column":3}},"3":{"start":{"line":21,"column":15},"end":{"line":21,"column":16}},"4":{"start":{"line":22,"column":18},"end":{"line":22,"column":20}},"5":{"start":{"line":24,"column":18},"end":{"line":24,"column":25}},"6":{"start":{"line":25,"column":13},"end":{"line":25,"column":18}},"7":{"start":{"line":28,"column":18},"end":{"line":28,"column":48}},"8":{"start":{"line":29,"column":2},"end":{"line":29,"column":23}},"9":{"start":{"line":29,"column":16},"end":{"line":29,"column":23}},"10":{"start":{"line":31,"column":2},"end":{"line":191,"column":4}},"11":{"start":{"line":194,"column":15},"end":{"line":194,"column":51}},"12":{"start":{"line":197,"column":4},"end":{"line":197,"column":24}},"13":{"start":{"line":198,"column":4},"end":{"line":206,"column":5}},"14":{"start":{"line":198,"column":17},"end":{"line":198,"column":18}},"15":{"start":{"line":199,"column":19},"end":{"line":199,"column":48}},"16":{"start":{"line":200,"column":6},"end":{"line":200,"column":70}},"17":{"start":{"line":201,"column":6},"end":{"line":201,"column":44}},"18":{"start":{"line":202,"column":6},"end":{"line":204,"column":7}},"19":{"start":{"line":203,"column":8},"end":{"line":203,"column":44}},"20":{"start":{"line":205,"column":6},"end":{"line":205,"column":29}},"21":{"start":{"line":210,"column":16},"end":{"line":210,"column":53}},"22":{"start":{"line":214,"column":4},"end":{"line":214,"column":29}},"23":{"start":{"line":215,"column":4},"end":{"line":215,"column":28}},"24":{"start":{"line":216,"column":4},"end":{"line":216,"column":32}},"25":{"start":{"line":217,"column":4},"end":{"line":217,"column":72}},"26":{"start":{"line":217,"column":34},"end":{"line":217,"column":64}},"27":{"start":{"line":221,"column":19},"end":{"line":221,"column":59}},"28":{"start":{"line":224,"column":4},"end":{"line":224,"column":40}},"29":{"start":{"line":225,"column":4},"end":{"line":225,"column":30}},"30":{"start":{"line":226,"column":4},"end":{"line":226,"column":37}},"31":{"start":{"line":227,"column":4},"end":{"line":227,"column":105}},"32":{"start":{"line":227,"column":52},"end":{"line":227,"column":87}},"33":{"start":{"line":231,"column":14},"end":{"line":231,"column":52}},"34":{"start":{"line":234,"column":4},"end":{"line":234,"column":40}},"35":{"start":{"line":234,"column":33},"end":{"line":234,"column":40}},"36":{"start":{"line":235,"column":4},"end":{"line":235,"column":16}},"37":{"start":{"line":236,"column":4},"end":{"line":236,"column":24}},"38":{"start":{"line":238,"column":4},"end":{"line":238,"column":16}},"39":{"start":{"line":239,"column":4},"end":{"line":239,"column":17}},"40":{"start":{"line":242,"column":18},"end":{"line":242,"column":53}},"41":{"start":{"line":243,"column":20},"end":{"line":243,"column":40}},"42":{"start":{"line":244,"column":4},"end":{"line":247,"column":5}},"43":{"start":{"line":245,"column":6},"end":{"line":245,"column":39}},"44":{"start":{"line":246,"column":6},"end":{"line":246,"column":106}},"45":{"start":{"line":246,"column":53},"end":{"line":246,"column":88}},"46":{"start":{"line":249,"column":4},"end":{"line":249,"column":21}},"47":{"start":{"line":251,"column":22},"end":{"line":251,"column":43}},"48":{"start":{"line":252,"column":4},"end":{"line":256,"column":5}},"49":{"start":{"line":253,"column":6},"end":{"line":253,"column":27}},"50":{"start":{"line":255,"column":6},"end":{"line":255,"column":60}},"51":{"start":{"line":258,"column":4},"end":{"line":263,"column":5}},"52":{"start":{"line":259,"column":6},"end":{"line":259,"column":47}},"53":{"start":{"line":260,"column":6},"end":{"line":260,"column":26}},"54":{"start":{"line":261,"column":6},"end":{"line":261,"column":19}},"55":{"start":{"line":262,"column":6},"end":{"line":262,"column":13}},"56":{"start":{"line":265,"column":4},"end":{"line":268,"column":13}},"57":{"start":{"line":266,"column":6},"end":{"line":266,"column":19}},"58":{"start":{"line":267,"column":6},"end":{"line":267,"column":27}},"59":{"start":{"line":271,"column":2},"end":{"line":271,"column":41}},"60":{"start":{"line":274,"column":2},"end":{"line":274,"column":15}}},"fnMap":{"0":{"name":"(anonymous_0)","decl":{"start":{"line":4,"column":1},"end":{"line":4,"column":2}},"loc":{"start":{"line":4,"column":13},"end":{"line":275,"column":1}},"line":4},"1":{"name":"renderGrid","decl":{"start":{"line":196,"column":11},"end":{"line":196,"column":21}},"loc":{"start":{"line":196,"column":24},"end":{"line":207,"column":3}},"line":196},"2":{"name":"showToast","decl":{"start":{"line":213,"column":11},"end":{"line":213,"column":20}},"loc":{"start":{"line":213,"column":26},"end":{"line":218,"column":3}},"line":213},"3":{"name":"(anonymous_3)","decl":{"start":{"line":217,"column":28},"end":{"line":217,"column":29}},"loc":{"start":{"line":217,"column":34},"end":{"line":217,"column":64}},"line":217},"4":{"name":"wiggleVillager","decl":{"start":{"line":223,"column":11},"end":{"line":223,"column":25}},"loc":{"start":{"line":223,"column":28},"end":{"line":228,"column":3}},"line":223},"5":{"name":"(anonymous_5)","decl":{"start":{"line":227,"column":46},"end":{"line":227,"column":47}},"loc":{"start":{"line":227,"column":52},"end":{"line":227,"column":87}},"line":227},"6":{"name":"checkin","decl":{"start":{"line":233,"column":11},"end":{"line":233,"column":18}},"loc":{"start":{"line":233,"column":21},"end":{"line":269,"column":3}},"line":233},"7":{"name":"(anonymous_7)","decl":{"start":{"line":246,"column":47},"end":{"line":246,"column":48}},"loc":{"start":{"line":246,"column":53},"end":{"line":246,"column":88}},"line":246},"8":{"name":"(anonymous_8)","decl":{"start":{"line":265,"column":15},"end":{"line":265,"column":16}},"loc":{"start":{"line":265,"column":21},"end":{"line":268,"column":5}},"line":265}},"branchMap":{"0":{"loc":{"start":{"line":29,"column":2},"end":{"line":29,"column":23}},"type":"if","locations":[{"start":{"line":29,"column":2},"end":{"line":29,"column":23}},{"start":{},"end":{}}],"line":29},"1":{"loc":{"start":{"line":200,"column":38},"end":{"line":200,"column":68}},"type":"cond-expr","locations":[{"start":{"line":200,"column":55},"end":{"line":200,"column":63}},{"start":{"line":200,"column":66},"end":{"line":200,"column":68}}],"line":200},"2":{"loc":{"start":{"line":202,"column":6},"end":{"line":204,"column":7}},"type":"if","locations":[{"start":{"line":202,"column":6},"end":{"line":204,"column":7}},{"start":{},"end":{}}],"line":202},"3":{"loc":{"start":{"line":203,"column":27},"end":{"line":203,"column":43}},"type":"binary-expr","locations":[{"start":{"line":203,"column":27},"end":{"line":203,"column":35}},{"start":{"line":203,"column":39},"end":{"line":203,"column":43}}],"line":203},"4":{"loc":{"start":{"line":234,"column":4},"end":{"line":234,"column":40}},"type":"if","locations":[{"start":{"line":234,"column":4},"end":{"line":234,"column":40}},{"start":{},"end":{}}],"line":234},"5":{"loc":{"start":{"line":234,"column":8},"end":{"line":234,"column":31}},"type":"binary-expr","locations":[{"start":{"line":234,"column":8},"end":{"line":234,"column":12}},{"start":{"line":234,"column":16},"end":{"line":234,"column":31}}],"line":234},"6":{"loc":{"start":{"line":244,"column":4},"end":{"line":247,"column":5}},"type":"if","locations":[{"start":{"line":244,"column":4},"end":{"line":247,"column":5}},{"start":{},"end":{}}],"line":244},"7":{"loc":{"start":{"line":252,"column":4},"end":{"line":256,"column":5}},"type":"if","locations":[{"start":{"line":252,"column":4},"end":{"line":256,"column":5}},{"start":{"line":254,"column":11},"end":{"line":256,"column":5}}],"line":252},"8":{"loc":{"start":{"line":258,"column":4},"end":{"line":263,"column":5}},"type":"if","locations":[{"start":{"line":258,"column":4},"end":{"line":263,"column":5}},{"start":{},"end":{}}],"line":258}},"s":{"0":4,"1":4,"2":4,"3":4,"4":4,"5":4,"6":4,"7":4,"8":4,"9":0,"10":4,"11":4,"12":27,"13":27,"14":27,"15":945,"16":945,"17":945,"18":945,"19":611,"20":945,"21":4,"22":23,"23":23,"24":23,"25":23,"26":0,"27":4,"28":23,"29":23,"30":23,"31":23,"32":0,"33":4,"34":23,"35":0,"36":23,"37":23,"38":23,"39":23,"40":23,"41":23,"42":23,"43":23,"44":23,"45":0,"46":23,"47":23,"48":23,"49":5,"50":18,"51":23,"52":1,"53":1,"54":1,"55":1,"56":22,"57":21,"58":21,"59":4,"60":4},"f":{"0":4,"1":27,"2":23,"3":0,"4":23,"5":0,"6":23,"7":0,"8":21},"b":{"0":[0,4],"1":[334,611],"2":[611,334],"3":[611,0],"4":[0,23],"5":[23,23],"6":[23,0],"7":[5,18],"8":[1,22]},"inputSourceMap":null,"_coverageSchema":"1a1c01bbd47fc00a2c39e90264f33305004495a9","hash":"cf15fa4f5185ddf88d2be290b726aa5419f2202b"}
}
