TN:
SF:js/demo.js
FN:4,(anonymous_0)
FN:196,renderGrid
FN:213,showToast
FN:217,(anonymous_3)
FN:223,wiggleVillager
FN:227,(anonymous_5)
FN:233,checkin
FN:246,(anonymous_7)
FN:265,(anonymous_8)
FNF:9
FNH:6
FNDA:4,(anonymous_0)
FNDA:27,renderGrid
FNDA:23,showToast
FNDA:0,(anonymous_3)
FNDA:23,wiggleVillager
FNDA:0,(anonymous_5)
FNDA:23,checkin
FNDA:0,(anonymous_7)
FNDA:21,(anonymous_8)
DA:4,4
DA:7,4
DA:15,4
DA:21,4
DA:22,4
DA:24,4
DA:25,4
DA:28,4
DA:29,4
DA:31,4
DA:194,4
DA:197,27
DA:198,27
DA:199,945
DA:200,945
DA:201,945
DA:202,945
DA:203,611
DA:205,945
DA:210,4
DA:214,23
DA:215,23
DA:216,23
DA:217,23
DA:221,4
DA:224,23
DA:225,23
DA:226,23
DA:227,23
DA:231,4
DA:234,23
DA:235,23
DA:236,23
DA:238,23
DA:239,23
DA:242,23
DA:243,23
DA:244,23
DA:245,23
DA:246,23
DA:249,23
DA:251,23
DA:252,23
DA:253,5
DA:255,18
DA:258,23
DA:259,1
DA:260,1
DA:261,1
DA:262,1
DA:265,22
DA:266,21
DA:267,21
DA:271,4
DA:274,4
LF:55
LH:55
BRDA:29,0,0,0
BRDA:29,0,1,4
BRDA:200,1,0,334
BRDA:200,1,1,611
BRDA:202,2,0,611
BRDA:202,2,1,334
BRDA:203,3,0,611
BRDA:203,3,1,0
BRDA:234,4,0,0
BRDA:234,4,1,23
BRDA:234,5,0,23
BRDA:234,5,1,23
BRDA:244,6,0,23
BRDA:244,6,1,0
BRDA:252,7,0,5
BRDA:252,7,1,18
BRDA:258,8,0,1
BRDA:258,8,1,22
BRF:18
BRH:14
end_of_record
